<?xml version="1.0" encoding="UTF-8"?>
<!-- Generated by org.testng.reporters.JUnitXMLReporter -->
<testsuite hostname="LTB0206984-Mac.local" ignored="0" name="Test" tests="4" failures="1" timestamp="2020-01-28T11:28:33 IST" time="45.919" errors="0">
  <testcase name="logoPresence" time="13.673" classname="allureReports.Tests"/>
  <testcase name="loginTest" time="9.913" classname="allureReports.Tests">
    <failure type="java.lang.AssertionError" message="expected [nopCommerce demo store] but found [nopCommerce demo store. Login]">
      <![CDATA[java.lang.AssertionError: expected [nopCommerce demo store] but found [nopCommerce demo store. Login]
at allureReports.Tests.loginTest(Tests.java:78)
at java.util.ArrayList.forEach(ArrayList.java:1257)
... Removed 35 stack frames]]>
    </failure>
  </testcase> <!-- loginTest -->
  <testcase name="registrationTest" time="5.01" classname="allureReports.Tests">
    <skipped/>
  </testcase> <!-- registrationTest -->
  <testcase name="registration1Test" time="5.008" classname="allureReports.Tests"/>
</testsuite> <!-- Test -->
